#
# A fatal error has been detected by the Java Runtime Environment:
#
#  EXCEPTION_ACCESS_VIOLATION (0xc0000005) at pc=0x00007ffbe18d63d9, pid=9692, tid=18444
#
# JRE version: OpenJDK Runtime Environment Temurin-17.0.9+9 (17.0.9+9) (build 17.0.9+9)
# Java VM: OpenJDK 64-Bit Server VM Temurin-17.0.9+9 (17.0.9+9, mixed mode, tiered, compressed oops, compressed class ptrs, g1 gc, windows-amd64)
# Problematic frame:
# C  [awt.dll+0x963d9]
#
# No core dump will be written. Minidumps are not enabled by default on client versions of Windows
#
# If you would like to submit a bug report, please visit:
#   https://github.com/adoptium/adoptium-support/issues
# The crash happened outside the Java Virtual Machine in native code.
# See problematic frame for where to report the bug.
#

---------------  S U M M A R Y ------------

Command Line: -Dfile.encoding=UTF-8 -Dstdout.encoding=UTF-8 -Dstderr.encoding=UTF-8 -XX:+ShowCodeDetailsInExceptionMessages GUI

Host: AMD Ryzen 5 7520U with Radeon Graphics         , 8 cores, 15G,  Windows 11 , 64 bit Build 22621 (10.0.22621.2361)
Time: Wed Nov  8 00:36:42 2023 Central Standard Time elapsed time: 23.118986 seconds (0d 0h 0m 23s)

---------------  T H R E A D  ---------------

Current thread (0x000002423c7610e0):  JavaThread "AWT-Windows" daemon [_thread_in_native, id=18444, stack(0x000000d500a00000,0x000000d500b00000)]

Stack: [0x000000d500a00000,0x000000d500b00000],  sp=0x000000d500afe870,  free space=1018k
Native frames: (J=compiled Java code, j=interpreted, Vv=VM code, C=native code)
C  [awt.dll+0x963d9]

Java frames: (J=compiled Java code, j=interpreted, Vv=VM code)
j  sun.awt.windows.WToolkit.eventLoop()V+0 java.desktop@17.0.9
j  sun.awt.windows.WToolkit.run()V+50 java.desktop@17.0.9
j  java.lang.Thread.run()V+11 java.base@17.0.9
v  ~StubRoutines::call_stub

siginfo: EXCEPTION_ACCESS_VIOLATION (0xc0000005), reading address 0xffffffffffffffff


Registers:
RAX=0x0072006f0066006c, RBX=0x00007ffbe1840000, RCX=0x0072006f0066006c, RDX=0x00007ffbe1930bf0
RSP=0x000000d500afe870, RBP=0x000000d500afe919, RSI=0x0000000000000000, RDI=0x0000000000000000
R8 =0x0000000000000000, R9 =0x0000000000000000, R10=0x00007ffbe194c860, R11=0x000000d500afea48
R12=0x0000000000000000, R13=0x0000000000000111, R14=0x0000000000000000, R15=0x0000000000000000
RIP=0x00007ffbe18d63d9, EFLAGS=0x0000000000010206


Register to memory mapping:

RIP=0x00007ffbe18d63d9 awt.dll
RAX=0x0072006f0066006c is an unknown value
RBX=0x00007ffbe1840000 awt.dll
RCX=0x0072006f0066006c is an unknown value
RDX=0x00007ffbe1930bf0 awt.dll
RSP=0x000000d500afe870 is pointing into the stack for thread: 0x000002423c7610e0
RBP=0x000000d500afe919 is pointing into the stack for thread: 0x000002423c7610e0
RSI=0x0 is NULL
RDI=0x0 is NULL
R8 =0x0 is NULL
R9 =0x0 is NULL
R10=0x00007ffbe194c860 awt.dll
R11=0x000000d500afea48 is pointing into the stack for thread: 0x000002423c7610e0
R12=0x0 is NULL
R13=0x0000000000000111 is an unknown value
R14=0x0 is NULL
R15=0x0 is NULL


Top of Stack: (sp=0x000000d500afe870)
0x000000d500afe870:   00007ffbe1840000 0000000000000000
0x000000d500afe880:   000000000000c274 00007ffc19c62dc0
0x000000d500afe890:   000002424e3b0b70 00007ffbe18d5030
0x000000d500afe8a0:   000002424e3b0b70 00000000000081a7
0x000000d500afe8b0:   0000000000000001 00007ffc1f836627
0x000000d500afe8c0:   000000d500afe980 000000000000c274
0x000000d500afe8d0:   00007ffbe18d8410 0000000000000000
0x000000d500afe8e0:   0000000000000000 00007ffc1f8385f3
0x000000d500afe8f0:   0000000000000000 000000d500afe980
0x000000d500afe900:   000000d500afe984 000002423c761398
0x000000d500afe910:   000002424e3b0c10 000000000000c274
0x000000d500afe920:   000000000000c274 0000d7825914e1e6
0x000000d500afe930:   000002423c758b10 0000000000000000
0x000000d500afe940:   00000000000081a7 0000000000000000
0x000000d500afe950:   0000000000000000 00000000000081a7
0x000000d500afe960:   0000000000000000 000002424e3b0b70
0x000000d500afe970:   0000000000000111 00007ffbe19212cb
0x000000d500afe980:   0000000200000002 0000000000000000
0x000000d500afe990:   0000db6b5afa22ea 00004e332c260d81
0x000000d500afe9a0:   0000000000000000 000000000000c274
0x000000d500afe9b0:   0000000000000000 0000000000000000
0x000000d500afe9c0:   000000d500afeb98 00007ffc1e8084e6
0x000000d500afe9d0:   0000024228721010 00007ffc1f8385f3
0x000000d500afe9e0:   ffffffffffffffeb 00007ffc1e80ab09
0x000000d500afe9f0:   000002423c85ecb0 0000d7825914e0c6
0x000000d500afea00:   00000000001405ae 00000000000081a7
0x000000d500afea10:   0000000000000111 000002424e3b0b70
0x000000d500afea20:   0000000000000000 00007ffbe18f12cd
0x000000d500afea30:   0000000000000000 000002424e3b0b70
0x000000d500afea40:   0000000000000111 00000000000081a7
0x000000d500afea50:   000000d500afea60 00000000ffffffeb
0x000000d500afea60:   0000024200000001 000002424e7b3d00 

Instructions: (pc=0x00007ffbe18d63d9)
0x00007ffbe18d62d9:   b7 c4 41 0f b7 cf 48 c1 e1 10 48 0b c8 44 89 74
0x00007ffbe18d62e9:   24 58 48 89 4c 24 68 ff 15 12 f9 0a 00 0f b7 bc
0x00007ffbe18d62f9:   24 d0 00 00 00 33 d2 33 c9 89 44 24 70 4c 89 6c
0x00007ffbe18d6309:   24 74 e8 6c 54 05 00 48 8b 0d c1 0c 0b 00 48 8b
0x00007ffbe18d6319:   e8 48 8b 15 bf 0c 0b 00 48 85 c9 48 0f 45 d1 48
0x00007ffbe18d6329:   3b 56 48 75 0f 48 8d 44 24 50 48 8b ce 48 89 44
0x00007ffbe18d6339:   24 40 eb 21 48 85 d2 74 3e 48 8b ca e8 06 ac ff
0x00007ffbe18d6349:   ff 48 8d 4c 24 50 48 85 c0 48 89 4c 24 40 48 0f
0x00007ffbe18d6359:   44 c6 48 8b c8 4c 89 6c 24 38 45 33 c9 44 89 6c
0x00007ffbe18d6369:   24 30 4c 8b c5 89 5c 24 28 ba 90 01 00 00 89 7c
0x00007ffbe18d6379:   24 20 e8 40 ce ff ff 48 8b 9c 24 b0 00 00 00 b8
0x00007ffbe18d6389:   02 00 00 00 4c 8d 9c 24 80 00 00 00 49 8b 6b 40
0x00007ffbe18d6399:   49 8b 73 48 49 8b e3 41 5f 41 5e 41 5d 41 5c 5f
0x00007ffbe18d63a9:   c3 cc cc cc cc cc cc 48 89 74 24 10 57 48 83 ec
0x00007ffbe18d63b9:   20 41 8b f1 49 8b f8 4d 85 c0 75 2a 48 8d 0d d4
0x00007ffbe18d63c9:   2a 0b 00 e8 bf ef 03 00 48 8b c8 48 85 c0 74 06
0x00007ffbe18d63d9:   48 8b 00 ff 50 10 b8 02 00 00 00 48 8b 74 24 38
0x00007ffbe18d63e9:   48 83 c4 20 5f c3 48 3b 3d d2 2a 0b 00 74 68 48
0x00007ffbe18d63f9:   8b cf ff 15 ff f9 0a 00 85 c0 74 5b 48 89 5c 24
0x00007ffbe18d6409:   30 33 d2 8b 1d ae 2a 0b 00 48 8b cf ff 15 ed f6
0x00007ffbe18d6419:   0a 00 3b d8 48 8b 5c 24 30 75 3c 8b 15 fe 0b 0b
0x00007ffbe18d6429:   00 45 33 c9 45 33 c0 48 8b cf ff 15 cf f9 0a 00
0x00007ffbe18d6439:   48 85 c0 74 22 ba eb ff ff ff 48 8b cf ff 15 34
0x00007ffbe18d6449:   f8 0a 00 48 85 c0 74 0f 4c 8b 00 8b d6 48 8b c8
0x00007ffbe18d6459:   41 ff 90 a8 02 00 00 48 8b 74 24 38 b8 01 00 00
0x00007ffbe18d6469:   00 48 83 c4 20 5f c3 48 89 5c 24 08 48 89 6c 24
0x00007ffbe18d6479:   10 48 89 74 24 18 57 48 83 ec 20 48 8b d9 49 8b
0x00007ffbe18d6489:   f1 49 8b 48 08 49 8b f8 8b ea e8 b8 aa ff ff 48
0x00007ffbe18d6499:   3b c3 74 1c 48 85 c0 74 17 4c 8b 10 4c 8b ce 4c
0x00007ffbe18d64a9:   8b c7 8b d5 48 8b c8 41 ff 92 b0 02 00 00 eb 05
0x00007ffbe18d64b9:   b8 02 00 00 00 48 8b 5c 24 30 48 8b 6c 24 38 48
0x00007ffbe18d64c9:   8b 74 24 40 48 83 c4 20 5f c3 cc cc cc cc cc cc 


Stack slot to memory mapping:
stack at sp + 0 slots: 0x00007ffbe1840000 awt.dll
stack at sp + 1 slots: 0x0 is NULL
stack at sp + 2 slots: 0x000000000000c274 is an unknown value
stack at sp + 3 slots: 0x00007ffc19c62dc0 CoreMessaging.dll
stack at sp + 4 slots: 0x000002424e3b0b70 points into unknown readable memory: 0x00007ffbe194c860 | 60 c8 94 e1 fb 7f 00 00
stack at sp + 5 slots: 0x00007ffbe18d5030 awt.dll
stack at sp + 6 slots: 0x000002424e3b0b70 points into unknown readable memory: 0x00007ffbe194c860 | 60 c8 94 e1 fb 7f 00 00
stack at sp + 7 slots: 0x00000000000081a7 is an unknown value


---------------  P R O C E S S  ---------------

Threads class SMR info:
_java_thread_list=0x000002424ebdd670, length=18, elements={
0x000002423c0f2170, 0x000002423c0f2d00, 0x000002423c133290, 0x000002423c134b70,
0x000002423c135650, 0x000002423c136b40, 0x000002423c13b450, 0x000002423c145d80,
0x000002423c15c2b0, 0x000002423c2cabc0, 0x000002423c2db530, 0x000002423c75a6d0,
0x000002423c75b520, 0x000002423c7610e0, 0x000002423c76d480, 0x000002421db255e0,
0x000002424e3ecd20, 0x000002424e3ed740
}

Java Threads: ( => current thread )
  0x000002423c0f2170 JavaThread "Reference Handler" daemon [_thread_blocked, id=12608, stack(0x000000d57fc00000,0x000000d57fd00000)]
  0x000002423c0f2d00 JavaThread "Finalizer" daemon [_thread_blocked, id=9472, stack(0x000000d57fd00000,0x000000d57fe00000)]
  0x000002423c133290 JavaThread "Signal Dispatcher" daemon [_thread_blocked, id=5956, stack(0x000000d57fe00000,0x000000d57ff00000)]
  0x000002423c134b70 JavaThread "Attach Listener" daemon [_thread_blocked, id=4300, stack(0x000000d57ff00000,0x000000d580000000)]
  0x000002423c135650 JavaThread "Service Thread" daemon [_thread_blocked, id=724, stack(0x000000d500000000,0x000000d500100000)]
  0x000002423c136b40 JavaThread "Monitor Deflation Thread" daemon [_thread_blocked, id=11816, stack(0x000000d500100000,0x000000d500200000)]
  0x000002423c13b450 JavaThread "C2 CompilerThread0" daemon [_thread_blocked, id=9784, stack(0x000000d500200000,0x000000d500300000)]
  0x000002423c145d80 JavaThread "C1 CompilerThread0" daemon [_thread_blocked, id=10792, stack(0x000000d500300000,0x000000d500400000)]
  0x000002423c15c2b0 JavaThread "Sweeper thread" daemon [_thread_blocked, id=10972, stack(0x000000d500400000,0x000000d500500000)]
  0x000002423c2cabc0 JavaThread "Notification Thread" daemon [_thread_blocked, id=7724, stack(0x000000d500500000,0x000000d500600000)]
  0x000002423c2db530 JavaThread "Common-Cleaner" daemon [_thread_blocked, id=13116, stack(0x000000d500700000,0x000000d500800000)]
  0x000002423c75a6d0 JavaThread "Java2D Disposer" daemon [_thread_blocked, id=13420, stack(0x000000d500800000,0x000000d500900000)]
  0x000002423c75b520 JavaThread "AWT-Shutdown" [_thread_blocked, id=13152, stack(0x000000d500900000,0x000000d500a00000)]
=>0x000002423c7610e0 JavaThread "AWT-Windows" daemon [_thread_in_native, id=18444, stack(0x000000d500a00000,0x000000d500b00000)]
  0x000002423c76d480 JavaThread "AWT-EventQueue-0" [_thread_blocked, id=9752, stack(0x000000d500b00000,0x000000d500c00000)]
  0x000002421db255e0 JavaThread "DestroyJavaVM" [_thread_blocked, id=8824, stack(0x000000d57f500000,0x000000d57f600000)]
  0x000002424e3ecd20 JavaThread "TimerQueue" daemon [_thread_blocked, id=14468, stack(0x000000d501400000,0x000000d501500000)]
  0x000002424e3ed740 JavaThread "D3D Screen Updater" daemon [_thread_blocked, id=16576, stack(0x000000d501800000,0x000000d501900000)]

Other Threads:
  0x000002423c090270 VMThread "VM Thread" [stack: 0x000000d57fb00000,0x000000d57fc00000] [id=3584]
  0x000002423c2cd0b0 WatcherThread [stack: 0x000000d500600000,0x000000d500700000] [id=7500]
  0x000002421db8f5e0 GCTaskThread "GC Thread#0" [stack: 0x000000d57f600000,0x000000d57f700000] [id=12188]
  0x000002421dba1030 ConcurrentGCThread "G1 Main Marker" [stack: 0x000000d57f700000,0x000000d57f800000] [id=3184]
  0x000002421dba2100 ConcurrentGCThread "G1 Conc#0" [stack: 0x000000d57f800000,0x000000d57f900000] [id=2956]
  0x000002423bf1f1d0 ConcurrentGCThread "G1 Refine#0" [stack: 0x000000d57f900000,0x000000d57fa00000] [id=11880]
  0x000002423bf1fa10 ConcurrentGCThread "G1 Service" [stack: 0x000000d57fa00000,0x000000d57fb00000] [id=14516]

Threads with active compile tasks:

VM state: not at safepoint (normal execution)

VM Mutex/Monitor currently owned by a thread: None

Heap address: 0x000000070c200000, size: 3902 MB, Compressed Oops mode: Zero based, Oop shift amount: 3

CDS archive(s) not mapped
Compressed class space mapped at: 0x0000000800000000-0x0000000840000000, reserved size: 1073741824
Narrow klass base: 0x0000000800000000, Narrow klass shift: 0, Narrow klass range: 0x40000000

GC Precious Log:
 CPUs: 8 total, 8 available
 Memory: 15605M
 Large Page Support: Disabled
 NUMA Support: Disabled
 Compressed Oops: Enabled (Zero based)
 Heap Region Size: 2M
 Heap Min Capacity: 8M
 Heap Initial Capacity: 244M
 Heap Max Capacity: 3902M
 Pre-touch: Disabled
 Parallel Workers: 8
 Concurrent Workers: 2
 Concurrent Refinement Workers: 8
 Periodic GC: Disabled

Heap:
 garbage-first heap   total 249856K, used 12288K [0x000000070c200000, 0x0000000800000000)
  region size 2048K, 7 young (14336K), 0 survivors (0K)
 Metaspace       used 17434K, committed 17664K, reserved 1114112K
  class space    used 1781K, committed 1920K, reserved 1048576K

Heap Regions: E=young(eden), S=young(survivor), O=old, HS=humongous(starts), HC=humongous(continues), CS=collection set, F=free, OA=open archive, CA=closed archive, TAMS=top-at-mark-start (previous, next)
|   0|0x000000070c200000, 0x000000070c200000, 0x000000070c400000|  0%| F|  |TAMS 0x000000070c200000, 0x000000070c200000| Untracked 
|   1|0x000000070c400000, 0x000000070c400000, 0x000000070c600000|  0%| F|  |TAMS 0x000000070c400000, 0x000000070c400000| Untracked 
|   2|0x000000070c600000, 0x000000070c600000, 0x000000070c800000|  0%| F|  |TAMS 0x000000070c600000, 0x000000070c600000| Untracked 
|   3|0x000000070c800000, 0x000000070c800000, 0x000000070ca00000|  0%| F|  |TAMS 0x000000070c800000, 0x000000070c800000| Untracked 
|   4|0x000000070ca00000, 0x000000070ca00000, 0x000000070cc00000|  0%| F|  |TAMS 0x000000070ca00000, 0x000000070ca00000| Untracked 
|   5|0x000000070cc00000, 0x000000070cc00000, 0x000000070ce00000|  0%| F|  |TAMS 0x000000070cc00000, 0x000000070cc00000| Untracked 
|   6|0x000000070ce00000, 0x000000070ce00000, 0x000000070d000000|  0%| F|  |TAMS 0x000000070ce00000, 0x000000070ce00000| Untracked 
|   7|0x000000070d000000, 0x000000070d000000, 0x000000070d200000|  0%| F|  |TAMS 0x000000070d000000, 0x000000070d000000| Untracked 
|   8|0x000000070d200000, 0x000000070d200000, 0x000000070d400000|  0%| F|  |TAMS 0x000000070d200000, 0x000000070d200000| Untracked 
|   9|0x000000070d400000, 0x000000070d400000, 0x000000070d600000|  0%| F|  |TAMS 0x000000070d400000, 0x000000070d400000| Untracked 
|  10|0x000000070d600000, 0x000000070d600000, 0x000000070d800000|  0%| F|  |TAMS 0x000000070d600000, 0x000000070d600000| Untracked 
|  11|0x000000070d800000, 0x000000070d800000, 0x000000070da00000|  0%| F|  |TAMS 0x000000070d800000, 0x000000070d800000| Untracked 
|  12|0x000000070da00000, 0x000000070da00000, 0x000000070dc00000|  0%| F|  |TAMS 0x000000070da00000, 0x000000070da00000| Untracked 
|  13|0x000000070dc00000, 0x000000070dc00000, 0x000000070de00000|  0%| F|  |TAMS 0x000000070dc00000, 0x000000070dc00000| Untracked 
|  14|0x000000070de00000, 0x000000070de00000, 0x000000070e000000|  0%| F|  |TAMS 0x000000070de00000, 0x000000070de00000| Untracked 
|  15|0x000000070e000000, 0x000000070e000000, 0x000000070e200000|  0%| F|  |TAMS 0x000000070e000000, 0x000000070e000000| Untracked 
|  16|0x000000070e200000, 0x000000070e200000, 0x000000070e400000|  0%| F|  |TAMS 0x000000070e200000, 0x000000070e200000| Untracked 
|  17|0x000000070e400000, 0x000000070e400000, 0x000000070e600000|  0%| F|  |TAMS 0x000000070e400000, 0x000000070e400000| Untracked 
|  18|0x000000070e600000, 0x000000070e600000, 0x000000070e800000|  0%| F|  |TAMS 0x000000070e600000, 0x000000070e600000| Untracked 
|  19|0x000000070e800000, 0x000000070e800000, 0x000000070ea00000|  0%| F|  |TAMS 0x000000070e800000, 0x000000070e800000| Untracked 
|  20|0x000000070ea00000, 0x000000070ea00000, 0x000000070ec00000|  0%| F|  |TAMS 0x000000070ea00000, 0x000000070ea00000| Untracked 
|  21|0x000000070ec00000, 0x000000070ec00000, 0x000000070ee00000|  0%| F|  |TAMS 0x000000070ec00000, 0x000000070ec00000| Untracked 
|  22|0x000000070ee00000, 0x000000070ee00000, 0x000000070f000000|  0%| F|  |TAMS 0x000000070ee00000, 0x000000070ee00000| Untracked 
|  23|0x000000070f000000, 0x000000070f000000, 0x000000070f200000|  0%| F|  |TAMS 0x000000070f000000, 0x000000070f000000| Untracked 
|  24|0x000000070f200000, 0x000000070f200000, 0x000000070f400000|  0%| F|  |TAMS 0x000000070f200000, 0x000000070f200000| Untracked 
|  25|0x000000070f400000, 0x000000070f400000, 0x000000070f600000|  0%| F|  |TAMS 0x000000070f400000, 0x000000070f400000| Untracked 
|  26|0x000000070f600000, 0x000000070f600000, 0x000000070f800000|  0%| F|  |TAMS 0x000000070f600000, 0x000000070f600000| Untracked 
|  27|0x000000070f800000, 0x000000070f800000, 0x000000070fa00000|  0%| F|  |TAMS 0x000000070f800000, 0x000000070f800000| Untracked 
|  28|0x000000070fa00000, 0x000000070fa00000, 0x000000070fc00000|  0%| F|  |TAMS 0x000000070fa00000, 0x000000070fa00000| Untracked 
|  29|0x000000070fc00000, 0x000000070fc00000, 0x000000070fe00000|  0%| F|  |TAMS 0x000000070fc00000, 0x000000070fc00000| Untracked 
|  30|0x000000070fe00000, 0x000000070fe00000, 0x0000000710000000|  0%| F|  |TAMS 0x000000070fe00000, 0x000000070fe00000| Untracked 
|  31|0x0000000710000000, 0x0000000710000000, 0x0000000710200000|  0%| F|  |TAMS 0x0000000710000000, 0x0000000710000000| Untracked 
|  32|0x0000000710200000, 0x0000000710200000, 0x0000000710400000|  0%| F|  |TAMS 0x0000000710200000, 0x0000000710200000| Untracked 
|  33|0x0000000710400000, 0x0000000710400000, 0x0000000710600000|  0%| F|  |TAMS 0x0000000710400000, 0x0000000710400000| Untracked 
|  34|0x0000000710600000, 0x0000000710600000, 0x0000000710800000|  0%| F|  |TAMS 0x0000000710600000, 0x0000000710600000| Untracked 
|  35|0x0000000710800000, 0x0000000710800000, 0x0000000710a00000|  0%| F|  |TAMS 0x0000000710800000, 0x0000000710800000| Untracked 
|  36|0x0000000710a00000, 0x0000000710a00000, 0x0000000710c00000|  0%| F|  |TAMS 0x0000000710a00000, 0x0000000710a00000| Untracked 
|  37|0x0000000710c00000, 0x0000000710c00000, 0x0000000710e00000|  0%| F|  |TAMS 0x0000000710c00000, 0x0000000710c00000| Untracked 
|  38|0x0000000710e00000, 0x0000000710e00000, 0x0000000711000000|  0%| F|  |TAMS 0x0000000710e00000, 0x0000000710e00000| Untracked 
|  39|0x0000000711000000, 0x0000000711000000, 0x0000000711200000|  0%| F|  |TAMS 0x0000000711000000, 0x0000000711000000| Untracked 
|  40|0x0000000711200000, 0x0000000711200000, 0x0000000711400000|  0%| F|  |TAMS 0x0000000711200000, 0x0000000711200000| Untracked 
|  41|0x0000000711400000, 0x0000000711400000, 0x0000000711600000|  0%| F|  |TAMS 0x0000000711400000, 0x0000000711400000| Untracked 
|  42|0x0000000711600000, 0x0000000711600000, 0x0000000711800000|  0%| F|  |TAMS 0x0000000711600000, 0x0000000711600000| Untracked 
|  43|0x0000000711800000, 0x0000000711800000, 0x0000000711a00000|  0%| F|  |TAMS 0x0000000711800000, 0x0000000711800000| Untracked 
|  44|0x0000000711a00000, 0x0000000711a00000, 0x0000000711c00000|  0%| F|  |TAMS 0x0000000711a00000, 0x0000000711a00000| Untracked 
|  45|0x0000000711c00000, 0x0000000711c00000, 0x0000000711e00000|  0%| F|  |TAMS 0x0000000711c00000, 0x0000000711c00000| Untracked 
|  46|0x0000000711e00000, 0x0000000711e00000, 0x0000000712000000|  0%| F|  |TAMS 0x0000000711e00000, 0x0000000711e00000| Untracked 
|  47|0x0000000712000000, 0x0000000712000000, 0x0000000712200000|  0%| F|  |TAMS 0x0000000712000000, 0x0000000712000000| Untracked 
|  48|0x0000000712200000, 0x0000000712200000, 0x0000000712400000|  0%| F|  |TAMS 0x0000000712200000, 0x0000000712200000| Untracked 
|  49|0x0000000712400000, 0x0000000712400000, 0x0000000712600000|  0%| F|  |TAMS 0x0000000712400000, 0x0000000712400000| Untracked 
|  50|0x0000000712600000, 0x0000000712600000, 0x0000000712800000|  0%| F|  |TAMS 0x0000000712600000, 0x0000000712600000| Untracked 
|  51|0x0000000712800000, 0x0000000712800000, 0x0000000712a00000|  0%| F|  |TAMS 0x0000000712800000, 0x0000000712800000| Untracked 
|  52|0x0000000712a00000, 0x0000000712a00000, 0x0000000712c00000|  0%| F|  |TAMS 0x0000000712a00000, 0x0000000712a00000| Untracked 
|  53|0x0000000712c00000, 0x0000000712c00000, 0x0000000712e00000|  0%| F|  |TAMS 0x0000000712c00000, 0x0000000712c00000| Untracked 
|  54|0x0000000712e00000, 0x0000000712e00000, 0x0000000713000000|  0%| F|  |TAMS 0x0000000712e00000, 0x0000000712e00000| Untracked 
|  55|0x0000000713000000, 0x0000000713000000, 0x0000000713200000|  0%| F|  |TAMS 0x0000000713000000, 0x0000000713000000| Untracked 
|  56|0x0000000713200000, 0x0000000713200000, 0x0000000713400000|  0%| F|  |TAMS 0x0000000713200000, 0x0000000713200000| Untracked 
|  57|0x0000000713400000, 0x0000000713400000, 0x0000000713600000|  0%| F|  |TAMS 0x0000000713400000, 0x0000000713400000| Untracked 
|  58|0x0000000713600000, 0x0000000713600000, 0x0000000713800000|  0%| F|  |TAMS 0x0000000713600000, 0x0000000713600000| Untracked 
|  59|0x0000000713800000, 0x0000000713800000, 0x0000000713a00000|  0%| F|  |TAMS 0x0000000713800000, 0x0000000713800000| Untracked 
|  60|0x0000000713a00000, 0x0000000713a00000, 0x0000000713c00000|  0%| F|  |TAMS 0x0000000713a00000, 0x0000000713a00000| Untracked 
|  61|0x0000000713c00000, 0x0000000713c00000, 0x0000000713e00000|  0%| F|  |TAMS 0x0000000713c00000, 0x0000000713c00000| Untracked 
|  62|0x0000000713e00000, 0x0000000713e00000, 0x0000000714000000|  0%| F|  |TAMS 0x0000000713e00000, 0x0000000713e00000| Untracked 
|  63|0x0000000714000000, 0x0000000714000000, 0x0000000714200000|  0%| F|  |TAMS 0x0000000714000000, 0x0000000714000000| Untracked 
|  64|0x0000000714200000, 0x0000000714200000, 0x0000000714400000|  0%| F|  |TAMS 0x0000000714200000, 0x0000000714200000| Untracked 
|  65|0x0000000714400000, 0x0000000714400000, 0x0000000714600000|  0%| F|  |TAMS 0x0000000714400000, 0x0000000714400000| Untracked 
|  66|0x0000000714600000, 0x0000000714600000, 0x0000000714800000|  0%| F|  |TAMS 0x0000000714600000, 0x0000000714600000| Untracked 
|  67|0x0000000714800000, 0x0000000714800000, 0x0000000714a00000|  0%| F|  |TAMS 0x0000000714800000, 0x0000000714800000| Untracked 
|  68|0x0000000714a00000, 0x0000000714a00000, 0x0000000714c00000|  0%| F|  |TAMS 0x0000000714a00000, 0x0000000714a00000| Untracked 
|  69|0x0000000714c00000, 0x0000000714c00000, 0x0000000714e00000|  0%| F|  |TAMS 0x0000000714c00000, 0x0000000714c00000| Untracked 
|  70|0x0000000714e00000, 0x0000000714e00000, 0x0000000715000000|  0%| F|  |TAMS 0x0000000714e00000, 0x0000000714e00000| Untracked 
|  71|0x0000000715000000, 0x0000000715000000, 0x0000000715200000|  0%| F|  |TAMS 0x0000000715000000, 0x0000000715000000| Untracked 
|  72|0x0000000715200000, 0x0000000715200000, 0x0000000715400000|  0%| F|  |TAMS 0x0000000715200000, 0x0000000715200000| Untracked 
|  73|0x0000000715400000, 0x0000000715400000, 0x0000000715600000|  0%| F|  |TAMS 0x0000000715400000, 0x0000000715400000| Untracked 
|  74|0x0000000715600000, 0x0000000715600000, 0x0000000715800000|  0%| F|  |TAMS 0x0000000715600000, 0x0000000715600000| Untracked 
|  75|0x0000000715800000, 0x0000000715800000, 0x0000000715a00000|  0%| F|  |TAMS 0x0000000715800000, 0x0000000715800000| Untracked 
|  76|0x0000000715a00000, 0x0000000715a00000, 0x0000000715c00000|  0%| F|  |TAMS 0x0000000715a00000, 0x0000000715a00000| Untracked 
|  77|0x0000000715c00000, 0x0000000715c00000, 0x0000000715e00000|  0%| F|  |TAMS 0x0000000715c00000, 0x0000000715c00000| Untracked 
|  78|0x0000000715e00000, 0x0000000715e00000, 0x0000000716000000|  0%| F|  |TAMS 0x0000000715e00000, 0x0000000715e00000| Untracked 
|  79|0x0000000716000000, 0x0000000716000000, 0x0000000716200000|  0%| F|  |TAMS 0x0000000716000000, 0x0000000716000000| Untracked 
|  80|0x0000000716200000, 0x0000000716200000, 0x0000000716400000|  0%| F|  |TAMS 0x0000000716200000, 0x0000000716200000| Untracked 
|  81|0x0000000716400000, 0x0000000716400000, 0x0000000716600000|  0%| F|  |TAMS 0x0000000716400000, 0x0000000716400000| Untracked 
|  82|0x0000000716600000, 0x0000000716600000, 0x0000000716800000|  0%| F|  |TAMS 0x0000000716600000, 0x0000000716600000| Untracked 
|  83|0x0000000716800000, 0x0000000716800000, 0x0000000716a00000|  0%| F|  |TAMS 0x0000000716800000, 0x0000000716800000| Untracked 
|  84|0x0000000716a00000, 0x0000000716a00000, 0x0000000716c00000|  0%| F|  |TAMS 0x0000000716a00000, 0x0000000716a00000| Untracked 
|  85|0x0000000716c00000, 0x0000000716c00000, 0x0000000716e00000|  0%| F|  |TAMS 0x0000000716c00000, 0x0000000716c00000| Untracked 
|  86|0x0000000716e00000, 0x0000000716e00000, 0x0000000717000000|  0%| F|  |TAMS 0x0000000716e00000, 0x0000000716e00000| Untracked 
|  87|0x0000000717000000, 0x0000000717000000, 0x0000000717200000|  0%| F|  |TAMS 0x0000000717000000, 0x0000000717000000| Untracked 
|  88|0x0000000717200000, 0x0000000717200000, 0x0000000717400000|  0%| F|  |TAMS 0x0000000717200000, 0x0000000717200000| Untracked 
|  89|0x0000000717400000, 0x0000000717400000, 0x0000000717600000|  0%| F|  |TAMS 0x0000000717400000, 0x0000000717400000| Untracked 
|  90|0x0000000717600000, 0x0000000717600000, 0x0000000717800000|  0%| F|  |TAMS 0x0000000717600000, 0x0000000717600000| Untracked 
|  91|0x0000000717800000, 0x0000000717800000, 0x0000000717a00000|  0%| F|  |TAMS 0x0000000717800000, 0x0000000717800000| Untracked 
|  92|0x0000000717a00000, 0x0000000717a00000, 0x0000000717c00000|  0%| F|  |TAMS 0x0000000717a00000, 0x0000000717a00000| Untracked 
|  93|0x0000000717c00000, 0x0000000717c00000, 0x0000000717e00000|  0%| F|  |TAMS 0x0000000717c00000, 0x0000000717c00000| Untracked 
|  94|0x0000000717e00000, 0x0000000717e00000, 0x0000000718000000|  0%| F|  |TAMS 0x0000000717e00000, 0x0000000717e00000| Untracked 
|  95|0x0000000718000000, 0x0000000718000000, 0x0000000718200000|  0%| F|  |TAMS 0x0000000718000000, 0x0000000718000000| Untracked 
|  96|0x0000000718200000, 0x0000000718200000, 0x0000000718400000|  0%| F|  |TAMS 0x0000000718200000, 0x0000000718200000| Untracked 
|  97|0x0000000718400000, 0x0000000718400000, 0x0000000718600000|  0%| F|  |TAMS 0x0000000718400000, 0x0000000718400000| Untracked 
|  98|0x0000000718600000, 0x0000000718600000, 0x0000000718800000|  0%| F|  |TAMS 0x0000000718600000, 0x0000000718600000| Untracked 
|  99|0x0000000718800000, 0x0000000718800000, 0x0000000718a00000|  0%| F|  |TAMS 0x0000000718800000, 0x0000000718800000| Untracked 
| 100|0x0000000718a00000, 0x0000000718a00000, 0x0000000718c00000|  0%| F|  |TAMS 0x0000000718a00000, 0x0000000718a00000| Untracked 
| 101|0x0000000718c00000, 0x0000000718c00000, 0x0000000718e00000|  0%| F|  |TAMS 0x0000000718c00000, 0x0000000718c00000| Untracked 
| 102|0x0000000718e00000, 0x0000000718e00000, 0x0000000719000000|  0%| F|  |TAMS 0x0000000718e00000, 0x0000000718e00000| Untracked 
| 103|0x0000000719000000, 0x0000000719000000, 0x0000000719200000|  0%| F|  |TAMS 0x0000000719000000, 0x0000000719000000| Untracked 
| 104|0x0000000719200000, 0x0000000719200000, 0x0000000719400000|  0%| F|  |TAMS 0x0000000719200000, 0x0000000719200000| Untracked 
| 105|0x0000000719400000, 0x0000000719400000, 0x0000000719600000|  0%| F|  |TAMS 0x0000000719400000, 0x0000000719400000| Untracked 
| 106|0x0000000719600000, 0x0000000719600000, 0x0000000719800000|  0%| F|  |TAMS 0x0000000719600000, 0x0000000719600000| Untracked 
| 107|0x0000000719800000, 0x0000000719800000, 0x0000000719a00000|  0%| F|  |TAMS 0x0000000719800000, 0x0000000719800000| Untracked 
| 108|0x0000000719a00000, 0x0000000719a00000, 0x0000000719c00000|  0%| F|  |TAMS 0x0000000719a00000, 0x0000000719a00000| Untracked 
| 109|0x0000000719c00000, 0x0000000719c00000, 0x0000000719e00000|  0%| F|  |TAMS 0x0000000719c00000, 0x0000000719c00000| Untracked 
| 110|0x0000000719e00000, 0x0000000719e00000, 0x000000071a000000|  0%| F|  |TAMS 0x0000000719e00000, 0x0000000719e00000| Untracked 
| 111|0x000000071a000000, 0x000000071a000000, 0x000000071a200000|  0%| F|  |TAMS 0x000000071a000000, 0x000000071a000000| Untracked 
| 112|0x000000071a200000, 0x000000071a200000, 0x000000071a400000|  0%| F|  |TAMS 0x000000071a200000, 0x000000071a200000| Untracked 
| 113|0x000000071a400000, 0x000000071a400000, 0x000000071a600000|  0%| F|  |TAMS 0x000000071a400000, 0x000000071a400000| Untracked 
| 114|0x000000071a600000, 0x000000071a600000, 0x000000071a800000|  0%| F|  |TAMS 0x000000071a600000, 0x000000071a600000| Untracked 
| 115|0x000000071a800000, 0x000000071a871308, 0x000000071aa00000| 22%| E|  |TAMS 0x000000071a800000, 0x000000071a800000| Complete 
| 116|0x000000071aa00000, 0x000000071ac00000, 0x000000071ac00000|100%| E|CS|TAMS 0x000000071aa00000, 0x000000071aa00000| Complete 
| 117|0x000000071ac00000, 0x000000071ae00000, 0x000000071ae00000|100%| E|CS|TAMS 0x000000071ac00000, 0x000000071ac00000| Complete 
| 118|0x000000071ae00000, 0x000000071b000000, 0x000000071b000000|100%| E|CS|TAMS 0x000000071ae00000, 0x000000071ae00000| Complete 
| 119|0x000000071b000000, 0x000000071b200000, 0x000000071b200000|100%| E|CS|TAMS 0x000000071b000000, 0x000000071b000000| Complete 
| 120|0x000000071b200000, 0x000000071b400000, 0x000000071b400000|100%| E|CS|TAMS 0x000000071b200000, 0x000000071b200000| Complete 
| 121|0x000000071b400000, 0x000000071b600000, 0x000000071b600000|100%| E|CS|TAMS 0x000000071b400000, 0x000000071b400000| Complete 

Card table byte_map: [0x0000024230cc0000,0x0000024231460000] _byte_map_base: 0x000002422d45f000

Marking Bits (Prev, Next): (CMBitMap*) 0x000002421db90b20, (CMBitMap*) 0x000002421db90b60
 Prev Bits: [0x0000024231c00000, 0x00000242358f8000)
 Next Bits: [0x0000024235900000, 0x00000242395f8000)

Polling page: 0x000002421bb00000

Metaspace:

Usage:
  Non-class:     15.29 MB used.
      Class:      1.74 MB used.
       Both:     17.03 MB used.

Virtual space:
  Non-class space:       64.00 MB reserved,      15.38 MB ( 24%) committed,  1 nodes.
      Class space:        1.00 GB reserved,       1.88 MB ( <1%) committed,  1 nodes.
             Both:        1.06 GB reserved,      17.25 MB (  2%) committed. 

Chunk freelists:
   Non-Class:  480.00 KB
       Class:  14.11 MB
        Both:  14.57 MB

MaxMetaspaceSize: unlimited
CompressedClassSpaceSize: 1.00 GB
Initial GC threshold: 21.00 MB
Current GC threshold: 21.00 MB
CDS: off
MetaspaceReclaimPolicy: balanced
 - commit_granule_bytes: 65536.
 - commit_granule_words: 8192.
 - virtual_space_node_default_size: 8388608.
 - enlarge_chunks_in_place: 1.
 - new_chunks_are_fully_committed: 0.
 - uncommit_free_chunks: 1.
 - use_allocation_guard: 0.
 - handle_deallocations: 1.


Internal statistics:

num_allocs_failed_limit: 0.
num_arena_births: 126.
num_arena_deaths: 0.
num_vsnodes_births: 2.
num_vsnodes_deaths: 0.
num_space_committed: 276.
num_space_uncommitted: 0.
num_chunks_returned_to_freelist: 0.
num_chunks_taken_from_freelist: 196.
num_chunk_merges: 0.
num_chunk_splits: 106.
num_chunks_enlarged: 55.
num_inconsistent_stats: 0.

CodeHeap 'non-profiled nmethods': size=120000Kb used=428Kb max_used=428Kb free=119571Kb
 bounds [0x0000024228cc0000, 0x0000024228f30000, 0x00000242301f0000]
CodeHeap 'profiled nmethods': size=120000Kb used=3186Kb max_used=3186Kb free=116813Kb
 bounds [0x00000242211f0000, 0x0000024221510000, 0x0000024228720000]
CodeHeap 'non-nmethods': size=5760Kb used=1320Kb max_used=1336Kb free=4439Kb
 bounds [0x0000024228720000, 0x0000024228990000, 0x0000024228cc0000]
 total_blobs=2305 nmethods=1645 adapters=572
 compilation: enabled
              stopped_count=0, restarted_count=0
 full_count=0

Compilation events (20 events):
Event: 16.367 Thread 0x000002423c145d80 1637       3       sun.java2d.StateTrackableDelegate$1::isCurrent (17 bytes)
Event: 16.367 Thread 0x000002423c145d80 nmethod 1637 0x0000024221509290 code [0x0000024221509420, 0x0000024221509598]
Event: 16.625 Thread 0x000002423c145d80 1638       1       java.util.LinkedList::size (5 bytes)
Event: 16.625 Thread 0x000002423c145d80 nmethod 1638 0x0000024228d2a890 code [0x0000024228d2aa20, 0x0000024228d2aaf8]
Event: 16.635 Thread 0x000002423c13b450 1639       4       java.lang.String::equals (56 bytes)
Event: 16.636 Thread 0x000002423c13b450 nmethod 1639 0x0000024228d2ab90 code [0x0000024228d2ad00, 0x0000024228d2aed8]
Event: 16.636 Thread 0x000002423c145d80 1640       3       javax.swing.JComponent::paintBorder (28 bytes)
Event: 16.636 Thread 0x000002423c145d80 nmethod 1640 0x0000024221509690 code [0x0000024221509840, 0x0000024221509d08]
Event: 16.641 Thread 0x000002423c145d80 1641       3       sun.swing.SwingUtilities2::getFRCProperty (38 bytes)
Event: 16.642 Thread 0x000002423c145d80 nmethod 1641 0x0000024221509e90 code [0x000002422150a060, 0x000002422150a468]
Event: 16.642 Thread 0x000002423c145d80 1643       3       sun.awt.SunHints$Key::isCompatibleValue (18 bytes)
Event: 16.642 Thread 0x000002423c145d80 nmethod 1643 0x000002422150a610 code [0x000002422150a7c0, 0x000002422150abf8]
Event: 16.642 Thread 0x000002423c145d80 1642       3       sun.swing.SwingUtilities2::getFRCFromCache (128 bytes)
Event: 16.643 Thread 0x000002423c145d80 nmethod 1642 0x000002422150ad10 code [0x000002422150af80, 0x000002422150bb88]
Event: 18.591 Thread 0x000002423c145d80 1644       3       sun.java2d.SurfaceData::getStateTracker (8 bytes)
Event: 18.591 Thread 0x000002423c145d80 nmethod 1644 0x000002422150be90 code [0x000002422150c040, 0x000002422150c188]
Event: 18.591 Thread 0x000002423c145d80 1645  s    3       sun.java2d.StateTrackableDelegate::getStateTracker (82 bytes)
Event: 18.592 Thread 0x000002423c145d80 nmethod 1645 0x000002422150c290 code [0x000002422150c460, 0x000002422150c978]
Event: 23.058 Thread 0x000002423c13b450 1646       4       java.lang.StrictMath::floor (12 bytes)
Event: 23.059 Thread 0x000002423c13b450 nmethod 1646 0x0000024228d2af90 code [0x0000024228d2b140, 0x0000024228d2b238]

GC Heap History (0 events):
No events

Dll operation events (8 events):
Event: 0.013 Loaded shared library C:\Users\Dylan\.p2\pool\plugins\org.eclipse.justj.openjdk.hotspot.jre.full.win32.x86_64_17.0.9.v20231028-0858\jre\bin\java.dll
Event: 0.149 Loaded shared library C:\Users\Dylan\.p2\pool\plugins\org.eclipse.justj.openjdk.hotspot.jre.full.win32.x86_64_17.0.9.v20231028-0858\jre\bin\jimage.dll
Event: 0.165 Loaded shared library C:\Users\Dylan\.p2\pool\plugins\org.eclipse.justj.openjdk.hotspot.jre.full.win32.x86_64_17.0.9.v20231028-0858\jre\bin\net.dll
Event: 0.169 Loaded shared library C:\Users\Dylan\.p2\pool\plugins\org.eclipse.justj.openjdk.hotspot.jre.full.win32.x86_64_17.0.9.v20231028-0858\jre\bin\nio.dll
Event: 0.178 Loaded shared library C:\Users\Dylan\.p2\pool\plugins\org.eclipse.justj.openjdk.hotspot.jre.full.win32.x86_64_17.0.9.v20231028-0858\jre\bin\zip.dll
Event: 0.282 Loaded shared library C:\Users\Dylan\.p2\pool\plugins\org.eclipse.justj.openjdk.hotspot.jre.full.win32.x86_64_17.0.9.v20231028-0858\jre\bin\awt.dll
Event: 0.708 Loaded shared library C:\Users\Dylan\.p2\pool\plugins\org.eclipse.justj.openjdk.hotspot.jre.full.win32.x86_64_17.0.9.v20231028-0858\jre\bin\freetype.dll
Event: 0.711 Loaded shared library C:\Users\Dylan\.p2\pool\plugins\org.eclipse.justj.openjdk.hotspot.jre.full.win32.x86_64_17.0.9.v20231028-0858\jre\bin\fontmanager.dll

Deoptimization events (20 events):
Event: 12.862 Thread 0x000002424e3edc50 Uncommon trap: trap_request=0xfffffff4 fr.pc=0x0000024228d11e98 relative=0x0000000000000098
Event: 12.862 Thread 0x000002424e3edc50 Uncommon trap: reason=null_check action=make_not_entrant pc=0x0000024228d11e98 method=java.awt.Component.isLightweight()Z @ 4 c2
Event: 12.862 Thread 0x000002424e3edc50 DEOPT PACKING pc=0x0000024228d11e98 sp=0x000000d501bfe8e0
Event: 12.862 Thread 0x000002424e3edc50 DEOPT UNPACKING pc=0x00000242287769a3 sp=0x000000d501bfe870 mode 2
Event: 13.864 Thread 0x000002423c76d480 Uncommon trap: trap_request=0xffffffde fr.pc=0x0000024228cdf3ac relative=0x00000000000001ac
Event: 13.864 Thread 0x000002423c76d480 Uncommon trap: reason=class_check action=maybe_recompile pc=0x0000024228cdf3ac method=java.lang.String.equals(Ljava/lang/Object;)Z @ 8 c2
Event: 13.864 Thread 0x000002423c76d480 DEOPT PACKING pc=0x0000024228cdf3ac sp=0x000000d500bfdc60
Event: 13.864 Thread 0x000002423c76d480 DEOPT UNPACKING pc=0x00000242287769a3 sp=0x000000d500bfdbf8 mode 2
Event: 13.864 Thread 0x000002423c76d480 Uncommon trap: trap_request=0xffffffde fr.pc=0x0000024228cdf3ac relative=0x00000000000001ac
Event: 13.864 Thread 0x000002423c76d480 Uncommon trap: reason=class_check action=maybe_recompile pc=0x0000024228cdf3ac method=java.lang.String.equals(Ljava/lang/Object;)Z @ 8 c2
Event: 13.864 Thread 0x000002423c76d480 DEOPT PACKING pc=0x0000024228cdf3ac sp=0x000000d500bfdb90
Event: 13.864 Thread 0x000002423c76d480 DEOPT UNPACKING pc=0x00000242287769a3 sp=0x000000d500bfdb28 mode 2
Event: 13.864 Thread 0x000002423c76d480 Uncommon trap: trap_request=0xffffffde fr.pc=0x0000024228cdf3ac relative=0x00000000000001ac
Event: 13.864 Thread 0x000002423c76d480 Uncommon trap: reason=class_check action=maybe_recompile pc=0x0000024228cdf3ac method=java.lang.String.equals(Ljava/lang/Object;)Z @ 8 c2
Event: 13.864 Thread 0x000002423c76d480 DEOPT PACKING pc=0x0000024228cdf3ac sp=0x000000d500bfdb10
Event: 13.864 Thread 0x000002423c76d480 DEOPT UNPACKING pc=0x00000242287769a3 sp=0x000000d500bfdaa8 mode 2
Event: 16.624 Thread 0x000002423c76d480 Uncommon trap: trap_request=0xffffffde fr.pc=0x0000024228cdf3ac relative=0x00000000000001ac
Event: 16.624 Thread 0x000002423c76d480 Uncommon trap: reason=class_check action=maybe_recompile pc=0x0000024228cdf3ac method=java.lang.String.equals(Ljava/lang/Object;)Z @ 8 c2
Event: 16.624 Thread 0x000002423c76d480 DEOPT PACKING pc=0x0000024228cdf3ac sp=0x000000d500bfcc80
Event: 16.624 Thread 0x000002423c76d480 DEOPT UNPACKING pc=0x00000242287769a3 sp=0x000000d500bfcc18 mode 2

Classes unloaded (0 events):
No events

Classes redefined (0 events):
No events

Internal exceptions (15 events):
Event: 0.260 Thread 0x000002421db255e0 Exception <a 'java/lang/ClassNotFoundException'{0x000000071b224360}: sun/awt/resources/spi/awtProvider> (0x000000071b224360) 
thrown [s\src\hotspot\share\classfile\systemDictionary.cpp, line 256]
Event: 0.310 Thread 0x000002421db255e0 Exception <a 'java/io/FileNotFoundException'{0x000000071b27dd08}> (0x000000071b27dd08) 
thrown [s\src\hotspot\share\prims\jni.cpp, line 516]
Event: 0.324 Thread 0x000002421db255e0 Exception <a 'java/io/FileNotFoundException'{0x000000071b2aac50}> (0x000000071b2aac50) 
thrown [s\src\hotspot\share\prims\jni.cpp, line 516]
Event: 0.382 Thread 0x000002421db255e0 Exception <a 'java/lang/NoSuchMethodError'{0x000000071b2e07d8}: 'java.lang.Object java.lang.invoke.DirectMethodHandle$Holder.invokeStaticInit(java.lang.Object)'> (0x000000071b2e07d8) 
thrown [s\src\hotspot\share\interpreter\linkResolver.cpp, line 759]
Event: 0.565 Thread 0x000002423c76d480 Exception <a 'java/lang/NoSuchMethodError'{0x000000071b025b38}: 'void java.lang.invoke.DirectMethodHandle$Holder.invokeSpecial(java.lang.Object, java.lang.Object, java.lang.Object)'> (0x000000071b025b38) 
thrown [s\src\hotspot\share\interpreter\linkResolver.cpp, line 759]
Event: 0.575 Thread 0x000002423c76d480 Exception <a 'java/lang/NoSuchMethodError'{0x000000071b04fcb8}: 'java.lang.Object java.lang.invoke.DirectMethodHandle$Holder.newInvokeSpecial(java.lang.Object, java.lang.Object, java.lang.Object, java.lang.Object, java.lang.Object)'> (0x000000071b04fcb8) 
thrown [s\src\hotspot\share\interpreter\linkResolver.cpp, line 759]
Event: 0.576 Thread 0x000002423c76d480 Exception <a 'java/lang/NoSuchMethodError'{0x000000071b05b680}: 'java.lang.Object java.lang.invoke.DirectMethodHandle$Holder.invokeStatic(java.lang.Object, int, java.lang.Object, java.lang.Object, java.lang.Object, java.lang.Object)'> (0x000000071b05b680) 
thrown [s\src\hotspot\share\interpreter\linkResolver.cpp, line 759]
Event: 0.580 Thread 0x000002423c76d480 Exception <a 'java/lang/NoSuchMethodError'{0x000000071b081258}: 'java.lang.Object java.lang.invoke.DirectMethodHandle$Holder.invokeStatic(java.lang.Object, int, java.lang.Object)'> (0x000000071b081258) 
thrown [s\src\hotspot\share\interpreter\linkResolver.cpp, line 759]
Event: 0.605 Thread 0x000002423c76d480 Exception <a 'java/lang/ClassNotFoundException'{0x000000071b138bf0}: com/sun/swing/internal/plaf/metal/resources/spi/metalProvider> (0x000000071b138bf0) 
thrown [s\src\hotspot\share\classfile\systemDictionary.cpp, line 256]
Event: 0.606 Thread 0x000002423c76d480 Exception <a 'java/lang/ClassNotFoundException'{0x000000071b13ca98}: com/sun/swing/internal/plaf/basic/resources/spi/basicProvider> (0x000000071b13ca98) 
thrown [s\src\hotspot\share\classfile\systemDictionary.cpp, line 256]
Event: 0.758 Thread 0x000002423c7610e0 Exception <a 'java/lang/NoSuchMethodError'{0x000000071b36dfd8}: 'void java.lang.invoke.DirectMethodHandle$Holder.invokeVirtual(java.lang.Object, java.lang.Object)'> (0x000000071b36dfd8) 
thrown [s\src\hotspot\share\interpreter\linkResolver.cpp, line 759]
Event: 0.774 Thread 0x000002423c76d480 Exception <a 'java/lang/NoSuchMethodError'{0x000000071afe26c8}: 'void java.lang.invoke.DirectMethodHandle$Holder.invokeStaticInit(java.lang.Object)'> (0x000000071afe26c8) 
thrown [s\src\hotspot\share\interpreter\linkResolver.cpp, line 759]
Event: 12.845 Thread 0x000002424e3ed230 Exception <a 'java/lang/NoSuchMethodError'{0x000000071ab5eeb0}: 'java.lang.Object java.lang.invoke.DirectMethodHandle$Holder.newInvokeSpecial(java.lang.Object, java.lang.Object, java.lang.Object, int, int, int, int, int)'> (0x000000071ab5eeb0) 
thrown [s\src\hotspot\share\interpreter\linkResolver.cpp, line 759]
Event: 12.862 Thread 0x000002424e3edc50 Implicit null exception at 0x0000024228d11e30 to 0x0000024228d11e8d
Event: 12.904 Thread 0x000002424e3edc50 Exception <a 'java/lang/NoSuchMethodError'{0x000000071ab0aa58}: 'int java.lang.invoke.DirectMethodHandle$Holder.invokeStatic(java.lang.Object)'> (0x000000071ab0aa58) 
thrown [s\src\hotspot\share\interpreter\linkResolver.cpp, line 759]

VM Operations (20 events):
Event: 7.975 Executing VM operation: Cleanup
Event: 7.975 Executing VM operation: Cleanup done
Event: 9.987 Executing VM operation: Cleanup
Event: 9.987 Executing VM operation: Cleanup done
Event: 11.001 Executing VM operation: Cleanup
Event: 11.001 Executing VM operation: Cleanup done
Event: 12.001 Executing VM operation: Cleanup
Event: 12.001 Executing VM operation: Cleanup done
Event: 12.838 Executing VM operation: HandshakeAllThreads
Event: 12.838 Executing VM operation: HandshakeAllThreads done
Event: 12.861 Executing VM operation: HandshakeAllThreads
Event: 12.861 Executing VM operation: HandshakeAllThreads done
Event: 13.872 Executing VM operation: Cleanup
Event: 13.873 Executing VM operation: Cleanup done
Event: 14.879 Executing VM operation: Cleanup
Event: 14.879 Executing VM operation: Cleanup done
Event: 15.885 Executing VM operation: Cleanup
Event: 15.885 Executing VM operation: Cleanup done
Event: 16.895 Executing VM operation: Cleanup
Event: 16.895 Executing VM operation: Cleanup done

Events (20 events):
Event: 12.908 loading class sun/awt/image/BufImgSurfaceManager
Event: 12.909 loading class sun/awt/image/BufImgSurfaceManager done
Event: 12.909 loading class sun/awt/image/BufImgSurfaceData
Event: 12.909 loading class sun/awt/image/BufImgSurfaceData done
Event: 12.909 loading class sun/awt/image/BufImgSurfaceData$ICMColorData
Event: 12.909 loading class sun/awt/image/BufImgSurfaceData$ICMColorData done
Event: 13.456 loading class sun/awt/ModalExclude
Event: 13.456 loading class sun/awt/ModalExclude done
Event: 13.865 loading class java/awt/KeyboardFocusManager$2
Event: 13.865 loading class java/awt/KeyboardFocusManager$2 done
Event: 13.865 loading class sun/awt/SunToolkit$1
Event: 13.865 loading class sun/awt/SunToolkit$1 done
Event: 13.877 loading class java/awt/Window$1DisposeAction
Event: 13.877 loading class java/awt/Window$1DisposeAction done
Event: 13.877 loading class java/awt/EventQueue$1AWTInvocationLock
Event: 13.877 loading class java/awt/EventQueue$1AWTInvocationLock done
Event: 13.880 Thread 0x000002424e3edc50 Thread exited: 0x000002424e3edc50
Event: 15.276 loading class java/awt/WaitDispatchSupport$4
Event: 15.276 loading class java/awt/WaitDispatchSupport$4 done
Event: 17.859 Thread 0x000002424e3ed230 Thread exited: 0x000002424e3ed230


Dynamic libraries:
0x00007ff6e1550000 - 0x00007ff6e155e000 	C:\Users\Dylan\.p2\pool\plugins\org.eclipse.justj.openjdk.hotspot.jre.full.win32.x86_64_17.0.9.v20231028-0858\jre\bin\javaw.exe
0x00007ffc1f810000 - 0x00007ffc1fa27000 	C:\Windows\SYSTEM32\ntdll.dll
0x00007ffc1d6c0000 - 0x00007ffc1d784000 	C:\Windows\System32\KERNEL32.DLL
0x00007ffc1cd30000 - 0x00007ffc1d0d6000 	C:\Windows\System32\KERNELBASE.dll
0x00007ffc1cc10000 - 0x00007ffc1cd21000 	C:\Windows\System32\ucrtbase.dll
0x00007ffbe9e10000 - 0x00007ffbe9e2b000 	C:\Users\Dylan\.p2\pool\plugins\org.eclipse.justj.openjdk.hotspot.jre.full.win32.x86_64_17.0.9.v20231028-0858\jre\bin\VCRUNTIME140.dll
0x00007ffbe9600000 - 0x00007ffbe9617000 	C:\Users\Dylan\.p2\pool\plugins\org.eclipse.justj.openjdk.hotspot.jre.full.win32.x86_64_17.0.9.v20231028-0858\jre\bin\jli.dll
0x00007ffc1e7f0000 - 0x00007ffc1e99e000 	C:\Windows\System32\USER32.dll
0x00007ffc1d540000 - 0x00007ffc1d566000 	C:\Windows\System32\win32u.dll
0x00007ffc1dd80000 - 0x00007ffc1dda9000 	C:\Windows\System32\GDI32.dll
0x00007ffc08c10000 - 0x00007ffc08ea3000 	C:\Windows\WinSxS\amd64_microsoft.windows.common-controls_6595b64144ccf1df_6.0.22621.2361_none_2712ced57382f843\COMCTL32.dll
0x00007ffc1d420000 - 0x00007ffc1d538000 	C:\Windows\System32\gdi32full.dll
0x00007ffc1dcd0000 - 0x00007ffc1dd77000 	C:\Windows\System32\msvcrt.dll
0x00007ffc1d380000 - 0x00007ffc1d41a000 	C:\Windows\System32\msvcp_win.dll
0x00007ffc1e610000 - 0x00007ffc1e641000 	C:\Windows\System32\IMM32.DLL
0x00007ffc17240000 - 0x00007ffc1724c000 	C:\Users\Dylan\.p2\pool\plugins\org.eclipse.justj.openjdk.hotspot.jre.full.win32.x86_64_17.0.9.v20231028-0858\jre\bin\vcruntime140_1.dll
0x00007ffbe19d0000 - 0x00007ffbe1a5d000 	C:\Users\Dylan\.p2\pool\plugins\org.eclipse.justj.openjdk.hotspot.jre.full.win32.x86_64_17.0.9.v20231028-0858\jre\bin\msvcp140.dll
0x00007ffba3d30000 - 0x00007ffba4991000 	C:\Users\Dylan\.p2\pool\plugins\org.eclipse.justj.openjdk.hotspot.jre.full.win32.x86_64_17.0.9.v20231028-0858\jre\bin\server\jvm.dll
0x00007ffc1f030000 - 0x00007ffc1f0e0000 	C:\Windows\System32\ADVAPI32.dll
0x00007ffc1f560000 - 0x00007ffc1f606000 	C:\Windows\System32\sechost.dll
0x00007ffc1dbb0000 - 0x00007ffc1dcc7000 	C:\Windows\System32\RPCRT4.dll
0x00007ffc1c500000 - 0x00007ffc1c54d000 	C:\Windows\SYSTEM32\POWRPROF.dll
0x00007ffc13d90000 - 0x00007ffc13dc4000 	C:\Windows\SYSTEM32\WINMM.dll
0x00007ffc15d90000 - 0x00007ffc15d9a000 	C:\Windows\SYSTEM32\VERSION.dll
0x00007ffc16350000 - 0x00007ffc16359000 	C:\Windows\SYSTEM32\WSOCK32.dll
0x00007ffc1eaa0000 - 0x00007ffc1eb11000 	C:\Windows\System32\WS2_32.dll
0x00007ffc1c470000 - 0x00007ffc1c483000 	C:\Windows\SYSTEM32\UMPDC.dll
0x00007ffc1bbd0000 - 0x00007ffc1bbe8000 	C:\Windows\SYSTEM32\kernel.appcore.dll
0x00007ffc14b00000 - 0x00007ffc14b0a000 	C:\Users\Dylan\.p2\pool\plugins\org.eclipse.justj.openjdk.hotspot.jre.full.win32.x86_64_17.0.9.v20231028-0858\jre\bin\jimage.dll
0x00007ffc12390000 - 0x00007ffc125be000 	C:\Windows\SYSTEM32\DBGHELP.DLL
0x00007ffc1d790000 - 0x00007ffc1db1a000 	C:\Windows\System32\combase.dll
0x00007ffc1eb20000 - 0x00007ffc1ebf7000 	C:\Windows\System32\OLEAUT32.dll
0x00007ffc11dc0000 - 0x00007ffc11df2000 	C:\Windows\SYSTEM32\dbgcore.DLL
0x00007ffc1cb90000 - 0x00007ffc1cc0a000 	C:\Windows\System32\bcryptPrimitives.dll
0x00007ffc05660000 - 0x00007ffc05685000 	C:\Users\Dylan\.p2\pool\plugins\org.eclipse.justj.openjdk.hotspot.jre.full.win32.x86_64_17.0.9.v20231028-0858\jre\bin\java.dll
0x00007ffc05640000 - 0x00007ffc05658000 	C:\Users\Dylan\.p2\pool\plugins\org.eclipse.justj.openjdk.hotspot.jre.full.win32.x86_64_17.0.9.v20231028-0858\jre\bin\zip.dll
0x00007ffc1ddb0000 - 0x00007ffc1e608000 	C:\Windows\System32\SHELL32.dll
0x00007ffc1aab0000 - 0x00007ffc1b3a2000 	C:\Windows\SYSTEM32\windows.storage.dll
0x00007ffc1a970000 - 0x00007ffc1aaae000 	C:\Windows\SYSTEM32\wintypes.dll
0x00007ffc1f620000 - 0x00007ffc1f713000 	C:\Windows\System32\SHCORE.dll
0x00007ffc1ed70000 - 0x00007ffc1edce000 	C:\Windows\System32\shlwapi.dll
0x00007ffc1cac0000 - 0x00007ffc1cae6000 	C:\Windows\SYSTEM32\profapi.dll
0x00007ffbf3c90000 - 0x00007ffbf3ca9000 	C:\Users\Dylan\.p2\pool\plugins\org.eclipse.justj.openjdk.hotspot.jre.full.win32.x86_64_17.0.9.v20231028-0858\jre\bin\net.dll
0x00007ffc15f80000 - 0x00007ffc160b7000 	C:\Windows\SYSTEM32\WINHTTP.dll
0x00007ffc1c0c0000 - 0x00007ffc1c129000 	C:\Windows\system32\mswsock.dll
0x00007ffbf3c70000 - 0x00007ffbf3c86000 	C:\Users\Dylan\.p2\pool\plugins\org.eclipse.justj.openjdk.hotspot.jre.full.win32.x86_64_17.0.9.v20231028-0858\jre\bin\nio.dll
0x00007ffbe1840000 - 0x00007ffbe19d0000 	C:\Users\Dylan\.p2\pool\plugins\org.eclipse.justj.openjdk.hotspot.jre.full.win32.x86_64_17.0.9.v20231028-0858\jre\bin\awt.dll
0x00007ffc19ed0000 - 0x00007ffc19f67000 	C:\Windows\SYSTEM32\apphelp.dll
0x00007ffc1a060000 - 0x00007ffc1a10b000 	C:\Windows\system32\uxtheme.dll
0x00007ffc1d570000 - 0x00007ffc1d6bc000 	C:\Windows\System32\MSCTF.dll
0x00007ffc1e650000 - 0x00007ffc1e7ef000 	C:\Windows\System32\ole32.dll
0x00007ffc1a2d0000 - 0x00007ffc1a2fb000 	C:\Windows\system32\DWMAPI.DLL
0x00007ffbc3c60000 - 0x00007ffbc3d60000 	C:\Windows\system32\opengl32.dll
0x00007ffbf5490000 - 0x00007ffbf54bd000 	C:\Windows\SYSTEM32\GLU32.dll
0x00007ffc1a170000 - 0x00007ffc1a1a6000 	C:\Windows\SYSTEM32\dxcore.dll
0x00007ffbce4e0000 - 0x00007ffbce689000 	C:\Windows\system32\d3d9.dll
0x00007ffc06970000 - 0x00007ffc06b2b000 	C:\Windows\System32\DriverStore\FileRepository\u0385259.inf_amd64_cbd0aa46b5518e31\B382876\aticfx64.dll
0x00007ffbcf9f0000 - 0x00007ffbd17bf000 	C:\Windows\System32\DriverStore\FileRepository\u0385259.inf_amd64_cbd0aa46b5518e31\B382876\amdxn64.dll
0x00007ffc1f0e0000 - 0x00007ffc1f554000 	C:\Windows\System32\SETUPAPI.dll
0x00007ffc1a1c0000 - 0x00007ffc1a2b8000 	C:\Windows\SYSTEM32\dxgi.dll
0x00007ffc16140000 - 0x00007ffc16175000 	C:\Windows\SYSTEM32\amdihk64.dll
0x00007ffc172d0000 - 0x00007ffc1731a000 	C:\Windows\SYSTEM32\directxdatabasehelper.dll
0x00007ffbe17b0000 - 0x00007ffbe1838000 	C:\Users\Dylan\.p2\pool\plugins\org.eclipse.justj.openjdk.hotspot.jre.full.win32.x86_64_17.0.9.v20231028-0858\jre\bin\freetype.dll
0x00007ffbe16d0000 - 0x00007ffbe17a3000 	C:\Users\Dylan\.p2\pool\plugins\org.eclipse.justj.openjdk.hotspot.jre.full.win32.x86_64_17.0.9.v20231028-0858\jre\bin\fontmanager.dll
0x00007ffc16580000 - 0x00007ffc166ca000 	C:\Windows\SYSTEM32\textinputframework.dll
0x00007ffc04d40000 - 0x00007ffc04da9000 	C:\Windows\system32\Oleacc.dll
0x00007ffc1ec10000 - 0x00007ffc1ecc0000 	C:\Windows\System32\clbcatq.dll
0x00007ffc18900000 - 0x00007ffc18ab0000 	C:\Windows\SYSTEM32\WindowsCodecs.dll
0x00007ffc05f40000 - 0x00007ffc05f9e000 	C:\Windows\system32\dataexchange.dll
0x00007ffc153a0000 - 0x00007ffc15625000 	C:\Windows\system32\twinapi.appcore.dll
0x00007ffc19bf0000 - 0x00007ffc19d23000 	C:\Windows\SYSTEM32\CoreMessaging.dll
0x00007ffc16aa0000 - 0x00007ffc16e0c000 	C:\Windows\SYSTEM32\CoreUIComponents.dll
0x00007ffc1c330000 - 0x00007ffc1c33c000 	C:\Windows\SYSTEM32\CRYPTBASE.DLL

dbghelp: loaded successfully - version: 4.0.5 - missing functions: none
symbol engine: initialized successfully - sym options: 0x614 - pdb path: .;C:\Users\Dylan\.p2\pool\plugins\org.eclipse.justj.openjdk.hotspot.jre.full.win32.x86_64_17.0.9.v20231028-0858\jre\bin;C:\Windows\SYSTEM32;C:\Windows\WinSxS\amd64_microsoft.windows.common-controls_6595b64144ccf1df_6.0.22621.2361_none_2712ced57382f843;C:\Users\Dylan\.p2\pool\plugins\org.eclipse.justj.openjdk.hotspot.jre.full.win32.x86_64_17.0.9.v20231028-0858\jre\bin\server;C:\Windows\System32\DriverStore\FileRepository\u0385259.inf_amd64_cbd0aa46b5518e31\B382876

VM Arguments:
jvm_args: -Dfile.encoding=UTF-8 -Dstdout.encoding=UTF-8 -Dstderr.encoding=UTF-8 -XX:+ShowCodeDetailsInExceptionMessages 
java_command: GUI
java_class_path (initial): C:\CS449\Sprint 2\SOS_Game\bin;C:\Users\Dylan\.p2\pool\plugins\junit-jupiter-api_5.10.0.jar;C:\Users\Dylan\.p2\pool\plugins\junit-jupiter-engine_5.10.0.jar;C:\Users\Dylan\.p2\pool\plugins\junit-jupiter-migrationsupport_5.10.0.jar;C:\Users\Dylan\.p2\pool\plugins\junit-jupiter-params_5.10.0.jar;C:\Users\Dylan\.p2\pool\plugins\junit-platform-commons_1.10.0.jar;C:\Users\Dylan\.p2\pool\plugins\junit-platform-engine_1.10.0.jar;C:\Users\Dylan\.p2\pool\plugins\junit-platform-launcher_1.10.0.jar;C:\Users\Dylan\.p2\pool\plugins\junit-platform-runner_1.10.0.jar;C:\Users\Dylan\.p2\pool\plugins\junit-platform-suite-api_1.10.0.jar;C:\Users\Dylan\.p2\pool\plugins\junit-platform-suite-engine_1.10.0.jar;C:\Users\Dylan\.p2\pool\plugins\junit-platform-suite-commons_1.10.0.jar;C:\Users\Dylan\.p2\pool\plugins\junit-vintage-engine_5.10.0.jar;C:\Users\Dylan\.p2\pool\plugins\org.opentest4j_1.3.0.jar;C:\Users\Dylan\.p2\pool\plugins\org.apiguardian.api_1.1.2.jar;C:\Users\Dylan\.p2\pool\plugins\org.junit_4.13.2.v20230809-1000.jar;C:\Users\Dylan\.p2\pool\plugins\org.hamcrest_2.2.0.jar;C:\Users\Dylan\.p2\pool\plugins\org.hamcrest.core_2.2.0.v20230809-1000.jar
Launcher Type: SUN_STANDARD

[Global flags]
     intx CICompilerCount                          = 4                                         {product} {ergonomic}
     uint ConcGCThreads                            = 2                                         {product} {ergonomic}
     uint G1ConcRefinementThreads                  = 8                                         {product} {ergonomic}
   size_t G1HeapRegionSize                         = 2097152                                   {product} {ergonomic}
    uintx GCDrainStackTargetSize                   = 64                                        {product} {ergonomic}
   size_t InitialHeapSize                          = 255852544                                 {product} {ergonomic}
   size_t MarkStackSize                            = 4194304                                   {product} {ergonomic}
   size_t MaxHeapSize                              = 4091543552                                {product} {ergonomic}
   size_t MaxNewSize                               = 2453667840                                {product} {ergonomic}
   size_t MinHeapDeltaBytes                        = 2097152                                   {product} {ergonomic}
   size_t MinHeapSize                              = 8388608                                   {product} {ergonomic}
    uintx NonNMethodCodeHeapSize                   = 5839372                                {pd product} {ergonomic}
    uintx NonProfiledCodeHeapSize                  = 122909434                              {pd product} {ergonomic}
    uintx ProfiledCodeHeapSize                     = 122909434                              {pd product} {ergonomic}
    uintx ReservedCodeCacheSize                    = 251658240                              {pd product} {ergonomic}
     bool SegmentedCodeCache                       = true                                      {product} {ergonomic}
     bool ShowCodeDetailsInExceptionMessages       = true                                   {manageable} {command line}
   size_t SoftMaxHeapSize                          = 4091543552                             {manageable} {ergonomic}
     bool UseCompressedClassPointers               = true                           {product lp64_product} {ergonomic}
     bool UseCompressedOops                        = true                           {product lp64_product} {ergonomic}
     bool UseG1GC                                  = true                                      {product} {ergonomic}
     bool UseLargePagesIndividualAllocation        = false                                  {pd product} {ergonomic}

Logging:
Log output configuration:
 #0: stdout all=warning uptime,level,tags
 #1: stderr all=off uptime,level,tags

Environment Variables:
PATH=C:/Users/Dylan/.p2/pool/plugins/org.eclipse.justj.openjdk.hotspot.jre.full.win32.x86_64_17.0.9.v20231028-0858/jre/bin/server;C:/Users/Dylan/.p2/pool/plugins/org.eclipse.justj.openjdk.hotspot.jre.full.win32.x86_64_17.0.9.v20231028-0858/jre/bin;C:\Windows\system32;C:\Windows;C:\Windows\System32\Wbem;C:\Windows\System32\WindowsPowerShell\v1.0\;C:\Windows\System32\OpenSSH\;C:\Users\Dylan\AppData\Local\Microsoft\WindowsApps;;C:\Users\Dylan\OneDrive\Desktop;
USERNAME=Dylan
OS=Windows_NT
PROCESSOR_IDENTIFIER=AMD64 Family 23 Model 160 Stepping 0, AuthenticAMD
TMP=C:\Users\Dylan\AppData\Local\Temp
TEMP=C:\Users\Dylan\AppData\Local\Temp



Periodic native trim disabled


---------------  S Y S T E M  ---------------

OS:
 Windows 11 , 64 bit Build 22621 (10.0.22621.2361)
OS uptime: 0 days 5:18 hours
Hyper-V role detected

CPU: total 8 (initial active 8) (8 cores per cpu, 2 threads per core) family 23 model 160 stepping 0 microcode 0x0, cx8, cmov, fxsr, ht, mmx, 3dnowpref, sse, sse2, sse3, ssse3, sse4a, sse4.1, sse4.2, popcnt, lzcnt, tsc, tscinvbit, avx, avx2, aes, clmul, bmi1, bmi2, adx, sha, fma, vzeroupper, clflush, clflushopt, hv
Processor Information for processor 0
  Max Mhz: 2801, Current Mhz: 2801, Mhz Limit: 2801
Processor Information for processor 1
  Max Mhz: 2801, Current Mhz: 2801, Mhz Limit: 2801
Processor Information for processor 2
  Max Mhz: 2801, Current Mhz: 2801, Mhz Limit: 2801
Processor Information for processor 3
  Max Mhz: 2801, Current Mhz: 1981, Mhz Limit: 2801
Processor Information for processor 4
  Max Mhz: 2801, Current Mhz: 2801, Mhz Limit: 2801
Processor Information for processor 5
  Max Mhz: 2801, Current Mhz: 2801, Mhz Limit: 2801
Processor Information for processor 6
  Max Mhz: 2801, Current Mhz: 2801, Mhz Limit: 2801
Processor Information for processor 7
  Max Mhz: 2801, Current Mhz: 2801, Mhz Limit: 2801

Memory: 4k page, system-wide physical 15605M (8926M free)
TotalPageFile size 18549M (AvailPageFile size 10051M)
current process WorkingSet (physical memory assigned to process): 158M, peak: 162M
current process commit charge ("private bytes"): 443M, peak: 446M

vm_info: OpenJDK 64-Bit Server VM (17.0.9+9) for windows-amd64 JRE (17.0.9+9), built on Oct 26 2023 14:01:42 by "admin" with MS VC++ 16.10 / 16.11 (VS2019)

END.
